Added Component: Designator=BT?(Nut Nhan 4 Chan Cam 6x6)
Add component (AddParameter): Name = "Ma_Hang"; Value = "MH004584"; VariantName = "[No Variations]"
Add component (AddParameter): Name = "Ten"; Value = "Nút Nh?n 4 Chân 6x6x5MM DIP"; VariantName = "[No Variations]"
Added Component: Designator=BT?(Nut Nhan 4 Chan Cam 6x6)
Add component (AddParameter): Name = "Ma_Hang"; Value = "MH004584"; VariantName = "[No Variations]"
Add component (AddParameter): Name = "Ten"; Value = "Nút Nh?n 4 Chân 6x6x5MM DIP"; VariantName = "[No Variations]"
Added Component: Designator=BT?(Nut Nhan 4 Chan Cam 6x6)
Add component (AddParameter): Name = "Ma_Hang"; Value = "MH004584"; VariantName = "[No Variations]"
Add component (AddParameter): Name = "Ten"; Value = "Nút Nh?n 4 Chân 6x6x5MM DIP"; VariantName = "[No Variations]"
Added Component: Designator=BT?(Nut Nhan 4 Chan Cam 6x6)
Add component (AddParameter): Name = "Ma_Hang"; Value = "MH004584"; VariantName = "[No Variations]"
Add component (AddParameter): Name = "Ten"; Value = "Nút Nh?n 4 Chân 6x6x5MM DIP"; VariantName = "[No Variations]"
Added Component: Designator=BT?(Nut Nhan 4 Chan Cam 6x6)
Add component (AddParameter): Name = "Ma_Hang"; Value = "MH004584"; VariantName = "[No Variations]"
Add component (AddParameter): Name = "Ten"; Value = "Nút Nh?n 4 Chân 6x6x5MM DIP"; VariantName = "[No Variations]"
Added Component: Designator=D?(DIODE 1A)
Add component (AddParameter): Name = "Chung_Loai"; Value = "C?m"; VariantName = "[No Variations]"
Add component (AddParameter): Name = "Don_Vi"; Value = "Con"; VariantName = "[No Variations]"
Add component (AddParameter): Name = "Ghi Chu"; Value = ""; VariantName = "[No Variations]"
Add component (AddParameter): Name = "Kieu_Chan"; Value = ""; VariantName = "[No Variations]"
Add component (AddParameter): Name = "Ma_Hang"; Value = "MH001063"; VariantName = "[No Variations]"
Add component (AddParameter): Name = "Ten_Linh_Kien"; Value = "Diode 1N4007 1A (DIP)"; VariantName = "[No Variations]"
Added Component: Designator=D?(DIODE 1A)
Add component (AddParameter): Name = "Chung_Loai"; Value = "C?m"; VariantName = "[No Variations]"
Add component (AddParameter): Name = "Don_Vi"; Value = "Con"; VariantName = "[No Variations]"
Add component (AddParameter): Name = "Ghi Chu"; Value = ""; VariantName = "[No Variations]"
Add component (AddParameter): Name = "Kieu_Chan"; Value = ""; VariantName = "[No Variations]"
Add component (AddParameter): Name = "Ma_Hang"; Value = "MH001063"; VariantName = "[No Variations]"
Add component (AddParameter): Name = "Ten_Linh_Kien"; Value = "Diode 1N4007 1A (DIP)"; VariantName = "[No Variations]"
Added Component: Designator=D?(DIODE 1A)
Add component (AddParameter): Name = "Chung_Loai"; Value = "C?m"; VariantName = "[No Variations]"
Add component (AddParameter): Name = "Don_Vi"; Value = "Con"; VariantName = "[No Variations]"
Add component (AddParameter): Name = "Ghi Chu"; Value = ""; VariantName = "[No Variations]"
Add component (AddParameter): Name = "Kieu_Chan"; Value = ""; VariantName = "[No Variations]"
Add component (AddParameter): Name = "Ma_Hang"; Value = "MH001063"; VariantName = "[No Variations]"
Add component (AddParameter): Name = "Ten_Linh_Kien"; Value = "Diode 1N4007 1A (DIP)"; VariantName = "[No Variations]"
Added Component: Designator=D?(DIODE 1A)
Add component (AddParameter): Name = "Chung_Loai"; Value = "C?m"; VariantName = "[No Variations]"
Add component (AddParameter): Name = "Don_Vi"; Value = "Con"; VariantName = "[No Variations]"
Add component (AddParameter): Name = "Ghi Chu"; Value = ""; VariantName = "[No Variations]"
Add component (AddParameter): Name = "Kieu_Chan"; Value = ""; VariantName = "[No Variations]"
Add component (AddParameter): Name = "Ma_Hang"; Value = "MH001063"; VariantName = "[No Variations]"
Add component (AddParameter): Name = "Ten_Linh_Kien"; Value = "Diode 1N4007 1A (DIP)"; VariantName = "[No Variations]"
Added Component: Designator=D?(DIODE 1A)
Add component (AddParameter): Name = "Chung_Loai"; Value = "C?m"; VariantName = "[No Variations]"
Add component (AddParameter): Name = "Don_Vi"; Value = "Con"; VariantName = "[No Variations]"
Add component (AddParameter): Name = "Ghi Chu"; Value = ""; VariantName = "[No Variations]"
Add component (AddParameter): Name = "Kieu_Chan"; Value = ""; VariantName = "[No Variations]"
Add component (AddParameter): Name = "Ma_Hang"; Value = "MH001063"; VariantName = "[No Variations]"
Add component (AddParameter): Name = "Ten_Linh_Kien"; Value = "Diode 1N4007 1A (DIP)"; VariantName = "[No Variations]"
Added Component: Designator=IC?(DIP16/W0.3)
Add component (AddParameter): Name = "Value"; Value = "74HC595"; VariantName = "[No Variations]"
Added Component: Designator=IC?(DIP16/W0.3)
Add component (AddParameter): Name = "Value"; Value = "74HC595"; VariantName = "[No Variations]"
Added Component: Designator=J?(KF6-5)
Add component (AddParameter): Name = "ComponentLink1 Description"; Value = "Manufacturer"; VariantName = "[No Variations]"
Add component (AddParameter): Name = "ComponentLink1 URL"; Value = "http://www.we-online.com"; VariantName = "[No Variations]"
Add component (AddParameter): Name = "ComponentLink2 Description"; Value = "Datasheet"; VariantName = "[No Variations]"
Add component (AddParameter): Name = "ComponentLink2 URL"; Value = "http://katalog.we-online.de/em/datasheet/6911337100xx.pdf"; VariantName = "[No Variations]"
Add component (AddParameter): Name = "Created By"; Value = "Baojun Chen"; VariantName = "[No Variations]"
Add component (AddParameter): Name = "Created Date"; Value = "4-Aug-15"; VariantName = "[No Variations]"
Add component (AddParameter): Name = "Manufacturer"; Value = "W¨¹rth Elektronik eiSos GmbH"; VariantName = "[No Variations]"
Add component (AddParameter): Name = "NoPins"; Value = "6"; VariantName = "[No Variations]"
Add component (AddParameter): Name = "PartNo"; Value = "691133710006"; VariantName = "[No Variations]"
Added Component: Designator=L?(LED-3MM-RED)
Add component (AddParameter): Name = "Chung_Loai"; Value = "C?m"; VariantName = "[No Variations]"
Add component (AddParameter): Name = "Don_Vi"; Value = "Con"; VariantName = "[No Variations]"
Add component (AddParameter): Name = "Ghi_Chu"; Value = ""; VariantName = "[No Variations]"
Add component (AddParameter): Name = "Kieu_Chan"; Value = ""; VariantName = "[No Variations]"
Add component (AddParameter): Name = "Ma_Hang"; Value = "MH003892"; VariantName = "[No Variations]"
Add component (AddParameter): Name = "Ten_Linh_Kien"; Value = "Led 3MM Ph? Ð? (10c)"; VariantName = "[No Variations]"
Added Component: Designator=L?(LED-3MM-RED)
Add component (AddParameter): Name = "Chung_Loai"; Value = "C?m"; VariantName = "[No Variations]"
Add component (AddParameter): Name = "Don_Vi"; Value = "Con"; VariantName = "[No Variations]"
Add component (AddParameter): Name = "Ghi_Chu"; Value = ""; VariantName = "[No Variations]"
Add component (AddParameter): Name = "Kieu_Chan"; Value = ""; VariantName = "[No Variations]"
Add component (AddParameter): Name = "Ma_Hang"; Value = "MH003892"; VariantName = "[No Variations]"
Add component (AddParameter): Name = "Ten_Linh_Kien"; Value = "Led 3MM Ph? Ð? (10c)"; VariantName = "[No Variations]"
Added Component: Designator=L?(LED-3MM-RED)
Add component (AddParameter): Name = "Chung_Loai"; Value = "C?m"; VariantName = "[No Variations]"
Add component (AddParameter): Name = "Don_Vi"; Value = "Con"; VariantName = "[No Variations]"
Add component (AddParameter): Name = "Ghi_Chu"; Value = ""; VariantName = "[No Variations]"
Add component (AddParameter): Name = "Kieu_Chan"; Value = ""; VariantName = "[No Variations]"
Add component (AddParameter): Name = "Ma_Hang"; Value = "MH003892"; VariantName = "[No Variations]"
Add component (AddParameter): Name = "Ten_Linh_Kien"; Value = "Led 3MM Ph? Ð? (10c)"; VariantName = "[No Variations]"
Added Component: Designator=L?(LED-3MM-RED)
Add component (AddParameter): Name = "Chung_Loai"; Value = "C?m"; VariantName = "[No Variations]"
Add component (AddParameter): Name = "Don_Vi"; Value = "Con"; VariantName = "[No Variations]"
Add component (AddParameter): Name = "Ghi_Chu"; Value = ""; VariantName = "[No Variations]"
Add component (AddParameter): Name = "Kieu_Chan"; Value = ""; VariantName = "[No Variations]"
Add component (AddParameter): Name = "Ma_Hang"; Value = "MH003892"; VariantName = "[No Variations]"
Add component (AddParameter): Name = "Ten_Linh_Kien"; Value = "Led 3MM Ph? Ð? (10c)"; VariantName = "[No Variations]"
Added Component: Designator=L?(LED-3MM-RED)
Add component (AddParameter): Name = "Chung_Loai"; Value = "C?m"; VariantName = "[No Variations]"
Add component (AddParameter): Name = "Don_Vi"; Value = "Con"; VariantName = "[No Variations]"
Add component (AddParameter): Name = "Ghi_Chu"; Value = ""; VariantName = "[No Variations]"
Add component (AddParameter): Name = "Kieu_Chan"; Value = ""; VariantName = "[No Variations]"
Add component (AddParameter): Name = "Ma_Hang"; Value = "MH003892"; VariantName = "[No Variations]"
Add component (AddParameter): Name = "Ten_Linh_Kien"; Value = "Led 3MM Ph? Ð? (10c)"; VariantName = "[No Variations]"
Added Component: Designator=L?(LED-3MM-RED)
Add component (AddParameter): Name = "Chung_Loai"; Value = "C?m"; VariantName = "[No Variations]"
Add component (AddParameter): Name = "Don_Vi"; Value = "Con"; VariantName = "[No Variations]"
Add component (AddParameter): Name = "Ghi_Chu"; Value = ""; VariantName = "[No Variations]"
Add component (AddParameter): Name = "Kieu_Chan"; Value = ""; VariantName = "[No Variations]"
Add component (AddParameter): Name = "Ma_Hang"; Value = "MH003892"; VariantName = "[No Variations]"
Add component (AddParameter): Name = "Ten_Linh_Kien"; Value = "Led 3MM Ph? Ð? (10c)"; VariantName = "[No Variations]"
Added Component: Designator=L?(LED-3MM-RED)
Add component (AddParameter): Name = "Chung_Loai"; Value = "C?m"; VariantName = "[No Variations]"
Add component (AddParameter): Name = "Don_Vi"; Value = "Con"; VariantName = "[No Variations]"
Add component (AddParameter): Name = "Ghi_Chu"; Value = ""; VariantName = "[No Variations]"
Add component (AddParameter): Name = "Kieu_Chan"; Value = ""; VariantName = "[No Variations]"
Add component (AddParameter): Name = "Ma_Hang"; Value = "MH003892"; VariantName = "[No Variations]"
Add component (AddParameter): Name = "Ten_Linh_Kien"; Value = "Led 3MM Ph? Ð? (10c)"; VariantName = "[No Variations]"
Added Component: Designator=L?(LED-3MM-RED)
Add component (AddParameter): Name = "Chung_Loai"; Value = "C?m"; VariantName = "[No Variations]"
Add component (AddParameter): Name = "Don_Vi"; Value = "Con"; VariantName = "[No Variations]"
Add component (AddParameter): Name = "Ghi_Chu"; Value = ""; VariantName = "[No Variations]"
Add component (AddParameter): Name = "Kieu_Chan"; Value = ""; VariantName = "[No Variations]"
Add component (AddParameter): Name = "Ma_Hang"; Value = "MH003892"; VariantName = "[No Variations]"
Add component (AddParameter): Name = "Ten_Linh_Kien"; Value = "Led 3MM Ph? Ð? (10c)"; VariantName = "[No Variations]"
Added Component: Designator=LCD?(LCD1602 with Jump)
Add component (AddParameter): Name = "CHIP"; Value = "HD44780"; VariantName = "[No Variations]"
Add component (AddParameter): Name = "Ma_Hang"; Value = "67HZ"; VariantName = "[No Variations]"
Add component (AddParameter): Name = "NCC"; Value = "NSHOP"; VariantName = "[No Variations]"
Add component (AddParameter): Name = "Ten"; Value = "Màn hình LCD 1602 Xanh Lá"; VariantName = "[No Variations]"
Added Component: Designator=P?(HDR1X12H)
Add component (AddParameter): Name = "LatestRevisionDate"; Value = "17-Jul-2002"; VariantName = "[No Variations]"
Add component (AddParameter): Name = "LatestRevisionNote"; Value = "Re-released for DXP Platform."; VariantName = "[No Variations]"
Add component (AddParameter): Name = "Publisher"; Value = "Altium Limited"; VariantName = "[No Variations]"
Added Component: Designator=R?(tro vach 1/4w)
Add component (AddParameter): Name = "Chung_Loai"; Value = "C?m"; VariantName = "[No Variations]"
Add component (AddParameter): Name = "Don_Vi"; Value = "Con"; VariantName = "[No Variations]"
Add component (AddParameter): Name = "Kieu_Chan"; Value = ""; VariantName = "[No Variations]"
Add component (AddParameter): Name = "Ma_Hang"; Value = "MH007354"; VariantName = "[No Variations]"
Add component (AddParameter): Name = "So_Chan"; Value = "2"; VariantName = "[No Variations]"
Add component (AddParameter): Name = "Ten_Linh_Kien"; Value = "Tr? V?ch 1/4w 5% 10K"; VariantName = "[No Variations]"
Added Component: Designator=R?(tro vach 1/4w)
Add component (AddParameter): Name = "Chung_Loai"; Value = "C?m"; VariantName = "[No Variations]"
Add component (AddParameter): Name = "Don_Vi"; Value = "Con"; VariantName = "[No Variations]"
Add component (AddParameter): Name = "Kieu_Chan"; Value = ""; VariantName = "[No Variations]"
Add component (AddParameter): Name = "Ma_Hang"; Value = "MH007300"; VariantName = "[No Variations]"
Add component (AddParameter): Name = "So_Chan"; Value = "2"; VariantName = "[No Variations]"
Add component (AddParameter): Name = "Ten_Linh_Kien"; Value = "Tr? V?ch 1/4w 5% 220R"; VariantName = "[No Variations]"
Added Component: Designator=R?(tro vach 1/4w)
Add component (AddParameter): Name = "Chung_Loai"; Value = "C?m"; VariantName = "[No Variations]"
Add component (AddParameter): Name = "Don_Vi"; Value = "Con"; VariantName = "[No Variations]"
Add component (AddParameter): Name = "Kieu_Chan"; Value = ""; VariantName = "[No Variations]"
Add component (AddParameter): Name = "Ma_Hang"; Value = "MH007300"; VariantName = "[No Variations]"
Add component (AddParameter): Name = "So_Chan"; Value = "2"; VariantName = "[No Variations]"
Add component (AddParameter): Name = "Ten_Linh_Kien"; Value = "Tr? V?ch 1/4w 5% 220R"; VariantName = "[No Variations]"
Added Component: Designator=R?(tro vach 1/4w)
Add component (AddParameter): Name = "Chung_Loai"; Value = "C?m"; VariantName = "[No Variations]"
Add component (AddParameter): Name = "Don_Vi"; Value = "Con"; VariantName = "[No Variations]"
Add component (AddParameter): Name = "Kieu_Chan"; Value = ""; VariantName = "[No Variations]"
Add component (AddParameter): Name = "Ma_Hang"; Value = "MH007300"; VariantName = "[No Variations]"
Add component (AddParameter): Name = "So_Chan"; Value = "2"; VariantName = "[No Variations]"
Add component (AddParameter): Name = "Ten_Linh_Kien"; Value = "Tr? V?ch 1/4w 5% 220R"; VariantName = "[No Variations]"
Added Component: Designator=R?(tro vach 1/4w)
Add component (AddParameter): Name = "Chung_Loai"; Value = "C?m"; VariantName = "[No Variations]"
Add component (AddParameter): Name = "Don_Vi"; Value = "Con"; VariantName = "[No Variations]"
Add component (AddParameter): Name = "Kieu_Chan"; Value = ""; VariantName = "[No Variations]"
Add component (AddParameter): Name = "Ma_Hang"; Value = "MH007300"; VariantName = "[No Variations]"
Add component (AddParameter): Name = "So_Chan"; Value = "2"; VariantName = "[No Variations]"
Add component (AddParameter): Name = "Ten_Linh_Kien"; Value = "Tr? V?ch 1/4w 5% 220R"; VariantName = "[No Variations]"
Added Component: Designator=R?(tro vach 1/4w)
Add component (AddParameter): Name = "Chung_Loai"; Value = "C?m"; VariantName = "[No Variations]"
Add component (AddParameter): Name = "Don_Vi"; Value = "Con"; VariantName = "[No Variations]"
Add component (AddParameter): Name = "Kieu_Chan"; Value = ""; VariantName = "[No Variations]"
Add component (AddParameter): Name = "Ma_Hang"; Value = "MH007300"; VariantName = "[No Variations]"
Add component (AddParameter): Name = "So_Chan"; Value = "2"; VariantName = "[No Variations]"
Add component (AddParameter): Name = "Ten_Linh_Kien"; Value = "Tr? V?ch 1/4w 5% 220R"; VariantName = "[No Variations]"
Added Component: Designator=R?(tro vach 1/4w)
Add component (AddParameter): Name = "Chung_Loai"; Value = "C?m"; VariantName = "[No Variations]"
Add component (AddParameter): Name = "Don_Vi"; Value = "Con"; VariantName = "[No Variations]"
Add component (AddParameter): Name = "Kieu_Chan"; Value = ""; VariantName = "[No Variations]"
Add component (AddParameter): Name = "Ma_Hang"; Value = "MH007300"; VariantName = "[No Variations]"
Add component (AddParameter): Name = "So_Chan"; Value = "2"; VariantName = "[No Variations]"
Add component (AddParameter): Name = "Ten_Linh_Kien"; Value = "Tr? V?ch 1/4w 5% 220R"; VariantName = "[No Variations]"
Added Component: Designator=R?(tro vach 1/4w)
Add component (AddParameter): Name = "Chung_Loai"; Value = "C?m"; VariantName = "[No Variations]"
Add component (AddParameter): Name = "Don_Vi"; Value = "Con"; VariantName = "[No Variations]"
Add component (AddParameter): Name = "Kieu_Chan"; Value = ""; VariantName = "[No Variations]"
Add component (AddParameter): Name = "Ma_Hang"; Value = "MH007300"; VariantName = "[No Variations]"
Add component (AddParameter): Name = "So_Chan"; Value = "2"; VariantName = "[No Variations]"
Add component (AddParameter): Name = "Ten_Linh_Kien"; Value = "Tr? V?ch 1/4w 5% 220R"; VariantName = "[No Variations]"
Added Component: Designator=R?(tro vach 1/4w)
Add component (AddParameter): Name = "Chung_Loai"; Value = "C?m"; VariantName = "[No Variations]"
Add component (AddParameter): Name = "Don_Vi"; Value = "Con"; VariantName = "[No Variations]"
Add component (AddParameter): Name = "Kieu_Chan"; Value = ""; VariantName = "[No Variations]"
Add component (AddParameter): Name = "Ma_Hang"; Value = "MH007300"; VariantName = "[No Variations]"
Add component (AddParameter): Name = "So_Chan"; Value = "2"; VariantName = "[No Variations]"
Add component (AddParameter): Name = "Ten_Linh_Kien"; Value = "Tr? V?ch 1/4w 5% 220R"; VariantName = "[No Variations]"
Added Component: Designator=SW?(SW-4P-B)
Add component (AddParameter): Name = "LatestRevisionDate"; Value = "17-Jul-2002"; VariantName = "[No Variations]"
Add component (AddParameter): Name = "LatestRevisionNote"; Value = "Re-released for DXP Platform."; VariantName = "[No Variations]"
Add component (AddParameter): Name = "PackageReference"; Value = "SPST-2"; VariantName = "[No Variations]"
Add component (AddParameter): Name = "Published"; Value = "24-Mar-1999"; VariantName = "[No Variations]"
Add component (AddParameter): Name = "Publisher"; Value = "Altium Limited"; VariantName = "[No Variations]"
Added Component: Designator=T?(Bien Tro Vi Chinh Dung)
Add component (AddParameter): Name = "Chung_Loai"; Value = "C?m"; VariantName = "[No Variations]"
Add component (AddParameter): Name = "Don_Vi"; Value = "Con"; VariantName = "[No Variations]"
Add component (AddParameter): Name = "Ghi_Chu"; Value = ""; VariantName = "[No Variations]"
Add component (AddParameter): Name = "Kieu_Chan"; Value = ""; VariantName = "[No Variations]"
Add component (AddParameter): Name = "Ma_Hang"; Value = "MH003232"; VariantName = "[No Variations]"
Add component (AddParameter): Name = "Ten_Linh_Kien"; Value = "Bi?n Tr? VR 103-10K 3296W"; VariantName = "[No Variations]"
Added Pin To Net: NetName=CLK_LCD Pin=IC?-11
Added Pin To Net: NetName=CLK_LCD Pin=P?-6
Added Net: Name=CLK_LCD
Added Pin To Net: NetName=CLK_LED Pin=IC?-11
Added Pin To Net: NetName=CLK_LED Pin=P?-5
Added Net: Name=CLK_LED
Added Pin To Net: NetName=D4 Pin=IC?-4
Added Pin To Net: NetName=D4 Pin=LCD?-11
Added Net: Name=D4
Added Pin To Net: NetName=D5 Pin=IC?-5
Added Pin To Net: NetName=D5 Pin=LCD?-12
Added Net: Name=D5
Added Pin To Net: NetName=D6 Pin=IC?-6
Added Pin To Net: NetName=D6 Pin=LCD?-13
Added Net: Name=D6
Added Pin To Net: NetName=D7 Pin=IC?-7
Added Pin To Net: NetName=D7 Pin=LCD?-14
Added Net: Name=D7
Added Pin To Net: NetName=DATA Pin=IC?-14
Added Pin To Net: NetName=DATA Pin=IC?-14
Added Pin To Net: NetName=DATA Pin=P?-7
Added Net: Name=DATA
Added Pin To Net: NetName=EN Pin=IC?-15
Added Pin To Net: NetName=EN Pin=LCD?-6
Added Net: Name=EN
Added Pin To Net: NetName=GND Pin=D?-2
Added Pin To Net: NetName=GND Pin=D?-2
Added Pin To Net: NetName=GND Pin=D?-2
Added Pin To Net: NetName=GND Pin=D?-2
Added Pin To Net: NetName=GND Pin=D?-2
Added Pin To Net: NetName=GND Pin=IC?-8
Added Pin To Net: NetName=GND Pin=IC?-8
Added Pin To Net: NetName=GND Pin=IC?-13
Added Pin To Net: NetName=GND Pin=IC?-13
Added Pin To Net: NetName=GND Pin=L?-2
Added Pin To Net: NetName=GND Pin=L?-2
Added Pin To Net: NetName=GND Pin=L?-2
Added Pin To Net: NetName=GND Pin=L?-2
Added Pin To Net: NetName=GND Pin=L?-2
Added Pin To Net: NetName=GND Pin=L?-2
Added Pin To Net: NetName=GND Pin=L?-2
Added Pin To Net: NetName=GND Pin=L?-2
Added Pin To Net: NetName=GND Pin=LCD?-1
Added Pin To Net: NetName=GND Pin=LCD?-5
Added Pin To Net: NetName=GND Pin=LCD?-16
Added Pin To Net: NetName=GND Pin=P?-2
Added Pin To Net: NetName=GND Pin=T?-3
Added Net: Name=GND
Added Pin To Net: NetName=LAT_LCD Pin=IC?-12
Added Pin To Net: NetName=LAT_LCD Pin=P?-4
Added Net: Name=LAT_LCD
Added Pin To Net: NetName=LAT_LED Pin=IC?-12
Added Pin To Net: NetName=LAT_LED Pin=P?-3
Added Net: Name=LAT_LED
Added Pin To Net: NetName=Led_1 Pin=IC?-7
Added Pin To Net: NetName=Led_1 Pin=R?-2
Added Net: Name=Led_1
Added Pin To Net: NetName=Led_2 Pin=IC?-6
Added Pin To Net: NetName=Led_2 Pin=R?-2
Added Net: Name=Led_2
Added Pin To Net: NetName=Led_3 Pin=IC?-5
Added Pin To Net: NetName=Led_3 Pin=R?-2
Added Net: Name=Led_3
Added Pin To Net: NetName=Led_4 Pin=IC?-4
Added Pin To Net: NetName=Led_4 Pin=R?-2
Added Net: Name=Led_4
Added Pin To Net: NetName=Led_5 Pin=IC?-3
Added Pin To Net: NetName=Led_5 Pin=R?-2
Added Net: Name=Led_5
Added Pin To Net: NetName=Led_6 Pin=IC?-2
Added Pin To Net: NetName=Led_6 Pin=R?-2
Added Net: Name=Led_6
Added Pin To Net: NetName=Led_7 Pin=IC?-1
Added Pin To Net: NetName=Led_7 Pin=R?-2
Added Net: Name=Led_7
Added Pin To Net: NetName=Led_8 Pin=IC?-15
Added Pin To Net: NetName=Led_8 Pin=R?-2
Added Net: Name=Led_8
Added Pin To Net: NetName=NetBT?_2 Pin=BT?-2
Added Pin To Net: NetName=NetBT?_2 Pin=BT?-2
Added Pin To Net: NetName=NetBT?_2 Pin=BT?-2
Added Pin To Net: NetName=NetBT?_2 Pin=BT?-2
Added Pin To Net: NetName=NetBT?_2 Pin=BT?-2
Added Pin To Net: NetName=NetBT?_2 Pin=BT?-2
Added Pin To Net: NetName=NetBT?_2 Pin=BT?-2
Added Pin To Net: NetName=NetBT?_2 Pin=BT?-2
Added Pin To Net: NetName=NetBT?_2 Pin=BT?-2
Added Pin To Net: NetName=NetBT?_2 Pin=BT?-2
Added Pin To Net: NetName=NetBT?_2 Pin=R?-1
Added Net: Name=NetBT?_2
Added Pin To Net: NetName=NetL?_1 Pin=L?-1
Added Pin To Net: NetName=NetL?_1 Pin=R?-1
Added Net: Name=NetL?_1
Added Pin To Net: NetName=NetLCD?_3 Pin=LCD?-3
Added Pin To Net: NetName=NetLCD?_3 Pin=T?-2
Added Net: Name=NetLCD?_3
Added Pin To Net: NetName=Nut_1 Pin=BT?-1
Added Pin To Net: NetName=Nut_1 Pin=BT?-1
Added Pin To Net: NetName=Nut_1 Pin=D?-1
Added Pin To Net: NetName=Nut_1 Pin=P?-12
Added Net: Name=Nut_1
Added Pin To Net: NetName=Nut_2 Pin=BT?-1
Added Pin To Net: NetName=Nut_2 Pin=BT?-1
Added Pin To Net: NetName=Nut_2 Pin=D?-1
Added Pin To Net: NetName=Nut_2 Pin=P?-11
Added Net: Name=Nut_2
Added Pin To Net: NetName=Nut_3 Pin=BT?-1
Added Pin To Net: NetName=Nut_3 Pin=BT?-1
Added Pin To Net: NetName=Nut_3 Pin=D?-1
Added Pin To Net: NetName=Nut_3 Pin=P?-10
Added Net: Name=Nut_3
Added Pin To Net: NetName=Nut_4 Pin=BT?-1
Added Pin To Net: NetName=Nut_4 Pin=BT?-1
Added Pin To Net: NetName=Nut_4 Pin=D?-1
Added Pin To Net: NetName=Nut_4 Pin=P?-9
Added Net: Name=Nut_4
Added Pin To Net: NetName=Nut_5 Pin=BT?-1
Added Pin To Net: NetName=Nut_5 Pin=BT?-1
Added Pin To Net: NetName=Nut_5 Pin=D?-1
Added Pin To Net: NetName=Nut_5 Pin=P?-8
Added Net: Name=Nut_5
Added Pin To Net: NetName=RST_LCD Pin=IC?-1
Added Pin To Net: NetName=RST_LCD Pin=LCD?-4
Added Net: Name=RST_LCD
Added Pin To Net: NetName=VCC Pin=IC?-10
Added Pin To Net: NetName=VCC Pin=IC?-10
Added Pin To Net: NetName=VCC Pin=IC?-16
Added Pin To Net: NetName=VCC Pin=IC?-16
Added Pin To Net: NetName=VCC Pin=LCD?-2
Added Pin To Net: NetName=VCC Pin=LCD?-15
Added Pin To Net: NetName=VCC Pin=P?-1
Added Pin To Net: NetName=VCC Pin=R?-2
Added Pin To Net: NetName=VCC Pin=T?-1
Added Net: Name=VCC
Added Class: Name=Sheet3
