Removed Pin From Net: NetName=Led_7 Pin=IC1-1
Removed Pin From Net: NetName=Led_6 Pin=IC1-2
Removed Pin From Net: NetName=Led_5 Pin=IC1-3
Removed Pin From Net: NetName=Led_4 Pin=IC1-4
Removed Pin From Net: NetName=Led_3 Pin=IC1-5
Removed Pin From Net: NetName=Led_2 Pin=IC1-6
Removed Pin From Net: NetName=Led_1 Pin=IC1-7
Removed Pin From Net: NetName=GND Pin=IC1-8
Removed Pin From Net: NetName=VCC Pin=IC1-10
Removed Pin From Net: NetName=CLK_LED Pin=IC1-11
Removed Pin From Net: NetName=LAT_LED Pin=IC1-12
Removed Pin From Net: NetName=GND Pin=IC1-13
Removed Pin From Net: NetName=DATA Pin=IC1-14
Removed Pin From Net: NetName=Led_8 Pin=IC1-15
Removed Pin From Net: NetName=VCC Pin=IC1-16
Removed Pin From Net: NetName=D4 Pin=IC2-1
Removed Pin From Net: NetName=D5 Pin=IC2-2
Removed Pin From Net: NetName=D6 Pin=IC2-3
Removed Pin From Net: NetName=D7 Pin=IC2-4
Removed Pin From Net: NetName=GND Pin=IC2-8
Removed Pin From Net: NetName=VCC Pin=IC2-10
Removed Pin From Net: NetName=CLK_LCD Pin=IC2-11
Removed Pin From Net: NetName=CLK_LCD Pin=IC2-12
Removed Pin From Net: NetName=GND Pin=IC2-13
Removed Pin From Net: NetName=DATA Pin=IC2-14
Removed Pin From Net: NetName=RST_LCD Pin=IC2-15
Removed Pin From Net: NetName=VCC Pin=IC2-16
Removed Pin From Net: NetName=VCC Pin=LCD1-15
Removed Pin From Net: NetName=VCC Pin=P1-1
Removed Pin From Net: NetName=GND Pin=P1-2
Removed Pin From Net: NetName=LAT_LED Pin=P1-3
Removed Pin From Net: NetName=EN Pin=P1-4
Removed Pin From Net: NetName=CLK_LED Pin=P1-5
Removed Pin From Net: NetName=CLK_LCD Pin=P1-6
Removed Pin From Net: NetName=DATA Pin=P1-7
Removed Pin From Net: NetName=Nut_5 Pin=P1-8
Removed Pin From Net: NetName=Nut_4 Pin=P1-9
Removed Pin From Net: NetName=Nut_3 Pin=P1-10
Removed Pin From Net: NetName=Nut_2 Pin=P1-11
Removed Pin From Net: NetName=Nut_1 Pin=P1-12
Removed Pin From Net: NetName=Nut_1 Pin=SW1-2
Removed Pin From Net: NetName=Nut_1 Pin=SW1-3
Removed Pin From Net: NetName=GND Pin=SW1-4
Removed Pin From Net: NetName=GND Pin=SW2-1
Removed Pin From Net: NetName=Nut_2 Pin=SW2-2
Removed Pin From Net: NetName=Nut_2 Pin=SW2-3
Removed Pin From Net: NetName=GND Pin=SW2-4
Removed Pin From Net: NetName=GND Pin=SW3-1
Removed Pin From Net: NetName=Nut_3 Pin=SW3-2
Removed Pin From Net: NetName=Nut_3 Pin=SW3-3
Removed Pin From Net: NetName=GND Pin=SW3-4
Removed Pin From Net: NetName=GND Pin=SW4-1
Removed Pin From Net: NetName=Nut_4 Pin=SW4-2
Removed Pin From Net: NetName=Nut_4 Pin=SW4-3
Removed Pin From Net: NetName=GND Pin=SW4-4
Removed Pin From Net: NetName=GND Pin=SW5-1
Removed Pin From Net: NetName=GND Pin=SW5-4
Removed Member From Class: ClassName=Sheet3 Member=IC1
Removed Member From Class: ClassName=Sheet3 Member=IC2
Removed Member From Class: ClassName=Sheet3 Member=P1
Added Component: Designator=C1(JP10-C2T)
Add component (AddParameter): Name = "ComponentLink1 Description"; Value = "Manufacturer"; VariantName = "[No Variations]"
Add component (AddParameter): Name = "ComponentLink1URL"; Value = "http://www.we-online.com"; VariantName = "[No Variations]"
Add component (AddParameter): Name = "ComponentLink2 Description"; Value = "Datasheet"; VariantName = "[No Variations]"
Add component (AddParameter): Name = "ComponentLink2URL"; Value = "http://katalog.we-online.de/em/datasheet/6130xx21821.pdf"; VariantName = "[No Variations]"
Add component (AddParameter): Name = "Created by"; Value = "Karrer Zheng"; VariantName = "[No Variations]"
Add component (AddParameter): Name = "Created Date"; Value = "29 March 2013"; VariantName = "[No Variations]"
Add component (AddParameter): Name = "Manufacturer"; Value = "W¨¹rth Elektronik eiSos GmbH"; VariantName = "[No Variations]"
Add component (AddParameter): Name = "NoPins"; Value = "20"; VariantName = "[No Variations]"
Add component (AddParameter): Name = "partNo"; Value = "61302021821"; VariantName = "[No Variations]"
Added Component: Designator=R9(tro vach 1/2w)
Add component (AddParameter): Name = "Chung_Loai"; Value = "C?m"; VariantName = "[No Variations]"
Add component (AddParameter): Name = "Don_Vi"; Value = "Con"; VariantName = "[No Variations]"
Add component (AddParameter): Name = "Kieu_Chan"; Value = ""; VariantName = "[No Variations]"
Add component (AddParameter): Name = "Ma_Hang"; Value = "MH007240"; VariantName = "[No Variations]"
Add component (AddParameter): Name = "So_Chan"; Value = "2"; VariantName = "[No Variations]"
Add component (AddParameter): Name = "Ten_Linh_Kien"; Value = "Tr? 5% 1/2w 1K"; VariantName = "[No Variations]"
Added Component: Designator=R10(tro vach 1/2w)
Add component (AddParameter): Name = "Chung_Loai"; Value = "C?m"; VariantName = "[No Variations]"
Add component (AddParameter): Name = "Don_Vi"; Value = "Con"; VariantName = "[No Variations]"
Add component (AddParameter): Name = "Kieu_Chan"; Value = ""; VariantName = "[No Variations]"
Add component (AddParameter): Name = "Ma_Hang"; Value = "MH007240"; VariantName = "[No Variations]"
Add component (AddParameter): Name = "So_Chan"; Value = "2"; VariantName = "[No Variations]"
Add component (AddParameter): Name = "Ten_Linh_Kien"; Value = "Tr? 5% 1/2w 1K"; VariantName = "[No Variations]"
Added Component: Designator=R11(tro vach 1/2w)
Add component (AddParameter): Name = "Chung_Loai"; Value = "C?m"; VariantName = "[No Variations]"
Add component (AddParameter): Name = "Don_Vi"; Value = "Con"; VariantName = "[No Variations]"
Add component (AddParameter): Name = "Kieu_Chan"; Value = ""; VariantName = "[No Variations]"
Add component (AddParameter): Name = "Ma_Hang"; Value = "MH007240"; VariantName = "[No Variations]"
Add component (AddParameter): Name = "So_Chan"; Value = "2"; VariantName = "[No Variations]"
Add component (AddParameter): Name = "Ten_Linh_Kien"; Value = "Tr? 5% 1/2w 1K"; VariantName = "[No Variations]"
Added Component: Designator=R12(tro vach 1/2w)
Add component (AddParameter): Name = "Chung_Loai"; Value = "C?m"; VariantName = "[No Variations]"
Add component (AddParameter): Name = "Don_Vi"; Value = "Con"; VariantName = "[No Variations]"
Add component (AddParameter): Name = "Kieu_Chan"; Value = ""; VariantName = "[No Variations]"
Add component (AddParameter): Name = "Ma_Hang"; Value = "MH007240"; VariantName = "[No Variations]"
Add component (AddParameter): Name = "So_Chan"; Value = "2"; VariantName = "[No Variations]"
Add component (AddParameter): Name = "Ten_Linh_Kien"; Value = "Tr? 5% 1/2w 1K"; VariantName = "[No Variations]"
Added Component: Designator=R13(tro vach 1/2w)
Add component (AddParameter): Name = "Chung_Loai"; Value = "C?m"; VariantName = "[No Variations]"
Add component (AddParameter): Name = "Don_Vi"; Value = "Con"; VariantName = "[No Variations]"
Add component (AddParameter): Name = "Kieu_Chan"; Value = ""; VariantName = "[No Variations]"
Add component (AddParameter): Name = "Ma_Hang"; Value = "MH007240"; VariantName = "[No Variations]"
Add component (AddParameter): Name = "So_Chan"; Value = "2"; VariantName = "[No Variations]"
Add component (AddParameter): Name = "Ten_Linh_Kien"; Value = "Tr? 5% 1/2w 1K"; VariantName = "[No Variations]"
Added Pin To Net: NetName=VCC Pin=C1-1
Added Pin To Net: NetName=GND Pin=C1-2
Added Pin To Net: NetName=Led_1 Pin=C1-3
Added Pin To Net: NetName=Led_2 Pin=C1-4
Added Pin To Net: NetName=Led_3 Pin=C1-5
Added Pin To Net: NetName=Led_4 Pin=C1-6
Added Pin To Net: NetName=Led_5 Pin=C1-7
Added Pin To Net: NetName=Led_6 Pin=C1-8
Added Pin To Net: NetName=Led_7 Pin=C1-9
Added Pin To Net: NetName=Led_8 Pin=C1-10
Added Pin To Net: NetName=Nut_5 Pin=C1-13
Added Pin To Net: NetName=D7 Pin=C1-15
Added Pin To Net: NetName=D6 Pin=C1-16
Added Pin To Net: NetName=D5 Pin=C1-17
Added Pin To Net: NetName=D4 Pin=C1-18
Added Pin To Net: NetName=EN Pin=C1-19
Added Pin To Net: NetName=RST_LCD Pin=C1-20
Added Pin To Net: NetName=Nut_4 Pin=R9-1
Added Pin To Net: NetName=Nut_3 Pin=R9-2
Added Pin To Net: NetName=Nut_2 Pin=R10-1
Added Pin To Net: NetName=Nut_4 Pin=R10-2
Added Pin To Net: NetName=Nut_1 Pin=R11-1
Added Pin To Net: NetName=Nut_2 Pin=R11-2
Added Pin To Net: NetName=Nut_5 Pin=R12-1
Added Pin To Net: NetName=Nut_1 Pin=R12-2
Added Pin To Net: NetName=VCC Pin=R13-1
Added Pin To Net: NetName=Nut_5 Pin=R13-2
Added Pin To Net: NetName=Nut_3 Pin=SW1-2
Added Pin To Net: NetName=Nut_3 Pin=SW1-3
Added Pin To Net: NetName=LAT_LED Pin=SW1-4
Added Pin To Net: NetName=LAT_LED Pin=SW2-1
Added Pin To Net: NetName=Nut_4 Pin=SW2-2
Added Pin To Net: NetName=Nut_4 Pin=SW2-3
Added Pin To Net: NetName=DATA Pin=SW2-4
Added Pin To Net: NetName=DATA Pin=SW3-1
Added Pin To Net: NetName=Nut_2 Pin=SW3-2
Added Pin To Net: NetName=Nut_2 Pin=SW3-3
Added Pin To Net: NetName=CLK_LED Pin=SW3-4
Added Pin To Net: NetName=CLK_LED Pin=SW4-1
Added Pin To Net: NetName=Nut_1 Pin=SW4-2
Added Pin To Net: NetName=Nut_1 Pin=SW4-3
Added Pin To Net: NetName=CLK_LCD Pin=SW4-4
Added Pin To Net: NetName=CLK_LCD Pin=SW5-1
Added Pin To Net: NetName=CLK_LCD Pin=SW5-4
Change Net Name : Old Net Name=CLK_LCD New Net Name=NetSW4_4
Change Net Name : Old Net Name=CLK_LED New Net Name=NetSW3_4
Change Net Name : Old Net Name=DATA New Net Name=NetSW2_4
Change Net Name : Old Net Name=LAT_LED New Net Name=NetSW1_4
Change Net Name : Old Net Name=Nut_1 New Net Name=NetR11_1
Change Net Name : Old Net Name=Nut_2 New Net Name=NetR10_1
Change Net Name : Old Net Name=Nut_3 New Net Name=NetR9_2
Change Net Name : Old Net Name=Nut_4 New Net Name=NetR9_1
Change Net Name : Old Net Name=Nut_5 New Net Name=Button
Added Pin To Net: NetName=BL Pin=C1-14
Added Pin To Net: NetName=BL Pin=LCD1-15
Added Net: Name=BL
Added Member To Class: ClassName=Sheet3 Member=Component C1 JP10x2
Added Member To Class: ClassName=Sheet3 Member=Component R9 1k
Added Member To Class: ClassName=Sheet3 Member=Component R10 1k
Added Member To Class: ClassName=Sheet3 Member=Component R11 1k
Added Member To Class: ClassName=Sheet3 Member=Component R12 1k
Added Member To Class: ClassName=Sheet3 Member=Component R13 1k
