Removed Pin From Net: NetName=VCC Pin=10k-1
Removed Pin From Net: NetName=Button Pin=10k-2
Removed Pin From Net: NetName=Button Pin=470-1
Removed Pin From Net: NetName=NetR11_1 Pin=470-2
Removed Pin From Net: NetName=NetR9_1 Pin=SW2-2
Removed Pin From Net: NetName=NetR9_1 Pin=SW2-3
Removed Pin From Net: NetName=NetR10_1 Pin=SW3-2
Removed Pin From Net: NetName=NetR10_1 Pin=SW3-3
Removed Pin From Net: NetName=NetR11_1 Pin=SW4-2
Removed Pin From Net: NetName=NetR11_1 Pin=SW4-3
Removed Pin From Net: NetName=Button Pin=SW5-2
Removed Pin From Net: NetName=Button Pin=SW5-3
Removed Member From Class: ClassName=Sheet3 Member=10k
Removed Member From Class: ClassName=Sheet3 Member=470
Change Component Designator: OldDesignator=10k NewDesignator=T1
Added Component: Designator=R9(tro vach 1/2w)
Add component (AddParameter): Name = "Chung_Loai"; Value = "C?m"; VariantName = "[No Variations]"
Add component (AddParameter): Name = "Don_Vi"; Value = "Con"; VariantName = "[No Variations]"
Add component (AddParameter): Name = "Kieu_Chan"; Value = ""; VariantName = "[No Variations]"
Add component (AddParameter): Name = "Ma_Hang"; Value = "MH007240"; VariantName = "[No Variations]"
Add component (AddParameter): Name = "So_Chan"; Value = "2"; VariantName = "[No Variations]"
Add component (AddParameter): Name = "Ten_Linh_Kien"; Value = "Tr? 5% 1/2w 1K"; VariantName = "[No Variations]"
Added Component: Designator=R10(tro vach 1/2w)
Add component (AddParameter): Name = "Chung_Loai"; Value = "C?m"; VariantName = "[No Variations]"
Add component (AddParameter): Name = "Don_Vi"; Value = "Con"; VariantName = "[No Variations]"
Add component (AddParameter): Name = "Kieu_Chan"; Value = ""; VariantName = "[No Variations]"
Add component (AddParameter): Name = "Ma_Hang"; Value = "MH007240"; VariantName = "[No Variations]"
Add component (AddParameter): Name = "So_Chan"; Value = "2"; VariantName = "[No Variations]"
Add component (AddParameter): Name = "Ten_Linh_Kien"; Value = "Tr? 5% 1/2w 1K"; VariantName = "[No Variations]"
Added Component: Designator=R11(tro vach 1/2w)
Add component (AddParameter): Name = "Chung_Loai"; Value = "C?m"; VariantName = "[No Variations]"
Add component (AddParameter): Name = "Don_Vi"; Value = "Con"; VariantName = "[No Variations]"
Add component (AddParameter): Name = "Kieu_Chan"; Value = ""; VariantName = "[No Variations]"
Add component (AddParameter): Name = "Ma_Hang"; Value = "MH007240"; VariantName = "[No Variations]"
Add component (AddParameter): Name = "So_Chan"; Value = "2"; VariantName = "[No Variations]"
Add component (AddParameter): Name = "Ten_Linh_Kien"; Value = "Tr? 5% 1/2w 1K"; VariantName = "[No Variations]"
Added Component: Designator=R12(tro vach 1/2w)
Add component (AddParameter): Name = "Chung_Loai"; Value = "C?m"; VariantName = "[No Variations]"
Add component (AddParameter): Name = "Don_Vi"; Value = "Con"; VariantName = "[No Variations]"
Add component (AddParameter): Name = "Kieu_Chan"; Value = ""; VariantName = "[No Variations]"
Add component (AddParameter): Name = "Ma_Hang"; Value = "MH007240"; VariantName = "[No Variations]"
Add component (AddParameter): Name = "So_Chan"; Value = "2"; VariantName = "[No Variations]"
Add component (AddParameter): Name = "Ten_Linh_Kien"; Value = "Tr? 5% 1/2w 1K"; VariantName = "[No Variations]"
Added Component: Designator=R13(tro vach 1/2w)
Add component (AddParameter): Name = "Chung_Loai"; Value = "C?m"; VariantName = "[No Variations]"
Add component (AddParameter): Name = "Don_Vi"; Value = "Con"; VariantName = "[No Variations]"
Add component (AddParameter): Name = "Kieu_Chan"; Value = ""; VariantName = "[No Variations]"
Add component (AddParameter): Name = "Ma_Hang"; Value = "MH007240"; VariantName = "[No Variations]"
Add component (AddParameter): Name = "So_Chan"; Value = "2"; VariantName = "[No Variations]"
Add component (AddParameter): Name = "Ten_Linh_Kien"; Value = "Tr? 5% 1/2w 1K"; VariantName = "[No Variations]"
Added Component: Designator=R14(tro vach 1/2w)
Add component (AddParameter): Name = "Chung_Loai"; Value = "C?m"; VariantName = "[No Variations]"
Add component (AddParameter): Name = "Don_Vi"; Value = "Con"; VariantName = "[No Variations]"
Add component (AddParameter): Name = "Kieu_Chan"; Value = ""; VariantName = "[No Variations]"
Add component (AddParameter): Name = "Ma_Hang"; Value = "MH007240"; VariantName = "[No Variations]"
Add component (AddParameter): Name = "So_Chan"; Value = "2"; VariantName = "[No Variations]"
Add component (AddParameter): Name = "Ten_Linh_Kien"; Value = "Tr? 5% 1/2w 1K"; VariantName = "[No Variations]"
Added Component: Designator=R15(tro vach 1/2w)
Add component (AddParameter): Name = "Chung_Loai"; Value = "C?m"; VariantName = "[No Variations]"
Add component (AddParameter): Name = "Don_Vi"; Value = "Con"; VariantName = "[No Variations]"
Add component (AddParameter): Name = "Kieu_Chan"; Value = ""; VariantName = "[No Variations]"
Add component (AddParameter): Name = "Ma_Hang"; Value = "MH007240"; VariantName = "[No Variations]"
Add component (AddParameter): Name = "So_Chan"; Value = "2"; VariantName = "[No Variations]"
Add component (AddParameter): Name = "Ten_Linh_Kien"; Value = "Tr? 5% 1/2w 1K"; VariantName = "[No Variations]"
Added Component: Designator=R16(tro vach 1/2w)
Add component (AddParameter): Name = "Chung_Loai"; Value = "C?m"; VariantName = "[No Variations]"
Add component (AddParameter): Name = "Don_Vi"; Value = "Con"; VariantName = "[No Variations]"
Add component (AddParameter): Name = "Kieu_Chan"; Value = ""; VariantName = "[No Variations]"
Add component (AddParameter): Name = "Ma_Hang"; Value = "MH007240"; VariantName = "[No Variations]"
Add component (AddParameter): Name = "So_Chan"; Value = "2"; VariantName = "[No Variations]"
Add component (AddParameter): Name = "Ten_Linh_Kien"; Value = "Tr? 5% 1/2w 1K"; VariantName = "[No Variations]"
Added Component: Designator=R17(tro vach 1/2w)
Add component (AddParameter): Name = "Chung_Loai"; Value = "C?m"; VariantName = "[No Variations]"
Add component (AddParameter): Name = "Don_Vi"; Value = "Con"; VariantName = "[No Variations]"
Add component (AddParameter): Name = "Kieu_Chan"; Value = ""; VariantName = "[No Variations]"
Add component (AddParameter): Name = "Ma_Hang"; Value = "MH007240"; VariantName = "[No Variations]"
Add component (AddParameter): Name = "So_Chan"; Value = "2"; VariantName = "[No Variations]"
Add component (AddParameter): Name = "Ten_Linh_Kien"; Value = "Tr? 5% 1/2w 1K"; VariantName = "[No Variations]"
Added Component: Designator=R18(tro vach 1/2w)
Add component (AddParameter): Name = "Chung_Loai"; Value = "C?m"; VariantName = "[No Variations]"
Add component (AddParameter): Name = "Don_Vi"; Value = "Con"; VariantName = "[No Variations]"
Add component (AddParameter): Name = "Kieu_Chan"; Value = ""; VariantName = "[No Variations]"
Add component (AddParameter): Name = "Ma_Hang"; Value = "MH007240"; VariantName = "[No Variations]"
Add component (AddParameter): Name = "So_Chan"; Value = "2"; VariantName = "[No Variations]"
Add component (AddParameter): Name = "Ten_Linh_Kien"; Value = "Tr? 5% 1/2w 1K"; VariantName = "[No Variations]"
Added Component: Designator=R19(tro vach 1/2w)
Add component (AddParameter): Name = "Chung_Loai"; Value = "C?m"; VariantName = "[No Variations]"
Add component (AddParameter): Name = "Don_Vi"; Value = "Con"; VariantName = "[No Variations]"
Add component (AddParameter): Name = "Kieu_Chan"; Value = ""; VariantName = "[No Variations]"
Add component (AddParameter): Name = "Ma_Hang"; Value = "MH007240"; VariantName = "[No Variations]"
Add component (AddParameter): Name = "So_Chan"; Value = "2"; VariantName = "[No Variations]"
Add component (AddParameter): Name = "Ten_Linh_Kien"; Value = "Tr? 5% 1/2w 1K"; VariantName = "[No Variations]"
Added Component: Designator=R20(tro vach 1/2w)
Add component (AddParameter): Name = "Chung_Loai"; Value = "C?m"; VariantName = "[No Variations]"
Add component (AddParameter): Name = "Don_Vi"; Value = "Con"; VariantName = "[No Variations]"
Add component (AddParameter): Name = "Kieu_Chan"; Value = ""; VariantName = "[No Variations]"
Add component (AddParameter): Name = "Ma_Hang"; Value = "MH007240"; VariantName = "[No Variations]"
Add component (AddParameter): Name = "So_Chan"; Value = "2"; VariantName = "[No Variations]"
Add component (AddParameter): Name = "Ten_Linh_Kien"; Value = "Tr? 5% 1/2w 1K"; VariantName = "[No Variations]"
Added Component: Designator=R21(tro vach 1/2w)
Add component (AddParameter): Name = "Chung_Loai"; Value = "C?m"; VariantName = "[No Variations]"
Add component (AddParameter): Name = "Don_Vi"; Value = "Con"; VariantName = "[No Variations]"
Add component (AddParameter): Name = "Kieu_Chan"; Value = ""; VariantName = "[No Variations]"
Add component (AddParameter): Name = "Ma_Hang"; Value = "MH007240"; VariantName = "[No Variations]"
Add component (AddParameter): Name = "So_Chan"; Value = "2"; VariantName = "[No Variations]"
Add component (AddParameter): Name = "Ten_Linh_Kien"; Value = "Tr? 5% 1/2w 1K"; VariantName = "[No Variations]"
Added Component: Designator=R22(tro vach 1/2w)
Add component (AddParameter): Name = "Chung_Loai"; Value = "C?m"; VariantName = "[No Variations]"
Add component (AddParameter): Name = "Don_Vi"; Value = "Con"; VariantName = "[No Variations]"
Add component (AddParameter): Name = "Kieu_Chan"; Value = ""; VariantName = "[No Variations]"
Add component (AddParameter): Name = "Ma_Hang"; Value = "MH007240"; VariantName = "[No Variations]"
Add component (AddParameter): Name = "So_Chan"; Value = "2"; VariantName = "[No Variations]"
Add component (AddParameter): Name = "Ten_Linh_Kien"; Value = "Tr? 5% 1/2w 1K"; VariantName = "[No Variations]"
Added Component: Designator=R23(tro vach 1/2w)
Add component (AddParameter): Name = "Chung_Loai"; Value = "C?m"; VariantName = "[No Variations]"
Add component (AddParameter): Name = "Don_Vi"; Value = "Con"; VariantName = "[No Variations]"
Add component (AddParameter): Name = "Kieu_Chan"; Value = ""; VariantName = "[No Variations]"
Add component (AddParameter): Name = "Ma_Hang"; Value = "MH007240"; VariantName = "[No Variations]"
Add component (AddParameter): Name = "So_Chan"; Value = "2"; VariantName = "[No Variations]"
Add component (AddParameter): Name = "Ten_Linh_Kien"; Value = "Tr? 5% 1/2w 1K"; VariantName = "[No Variations]"
Added Component: Designator=R24(tro vach 1/2w)
Add component (AddParameter): Name = "Chung_Loai"; Value = "C?m"; VariantName = "[No Variations]"
Add component (AddParameter): Name = "Don_Vi"; Value = "Con"; VariantName = "[No Variations]"
Add component (AddParameter): Name = "Kieu_Chan"; Value = ""; VariantName = "[No Variations]"
Add component (AddParameter): Name = "Ma_Hang"; Value = "MH007240"; VariantName = "[No Variations]"
Add component (AddParameter): Name = "So_Chan"; Value = "2"; VariantName = "[No Variations]"
Add component (AddParameter): Name = "Ten_Linh_Kien"; Value = "Tr? 5% 1/2w 1K"; VariantName = "[No Variations]"
Added Component: Designator=SW6(SW-4P-B)
Add component (AddParameter): Name = "LatestRevisionDate"; Value = "17-Jul-2002"; VariantName = "[No Variations]"
Add component (AddParameter): Name = "LatestRevisionNote"; Value = "Re-released for DXP Platform."; VariantName = "[No Variations]"
Add component (AddParameter): Name = "PackageReference"; Value = "SPST-2"; VariantName = "[No Variations]"
Add component (AddParameter): Name = "Published"; Value = "24-Mar-1999"; VariantName = "[No Variations]"
Add component (AddParameter): Name = "Publisher"; Value = "Altium Limited"; VariantName = "[No Variations]"
Added Component: Designator=SW7(SW-4P-B)
Add component (AddParameter): Name = "LatestRevisionDate"; Value = "17-Jul-2002"; VariantName = "[No Variations]"
Add component (AddParameter): Name = "LatestRevisionNote"; Value = "Re-released for DXP Platform."; VariantName = "[No Variations]"
Add component (AddParameter): Name = "PackageReference"; Value = "SPST-2"; VariantName = "[No Variations]"
Add component (AddParameter): Name = "Published"; Value = "24-Mar-1999"; VariantName = "[No Variations]"
Add component (AddParameter): Name = "Publisher"; Value = "Altium Limited"; VariantName = "[No Variations]"
Added Component: Designator=SW8(SW-4P-B)
Add component (AddParameter): Name = "LatestRevisionDate"; Value = "17-Jul-2002"; VariantName = "[No Variations]"
Add component (AddParameter): Name = "LatestRevisionNote"; Value = "Re-released for DXP Platform."; VariantName = "[No Variations]"
Add component (AddParameter): Name = "PackageReference"; Value = "SPST-2"; VariantName = "[No Variations]"
Add component (AddParameter): Name = "Published"; Value = "24-Mar-1999"; VariantName = "[No Variations]"
Add component (AddParameter): Name = "Publisher"; Value = "Altium Limited"; VariantName = "[No Variations]"
Added Component: Designator=SW9(SW-4P-B)
Add component (AddParameter): Name = "LatestRevisionDate"; Value = "17-Jul-2002"; VariantName = "[No Variations]"
Add component (AddParameter): Name = "LatestRevisionNote"; Value = "Re-released for DXP Platform."; VariantName = "[No Variations]"
Add component (AddParameter): Name = "PackageReference"; Value = "SPST-2"; VariantName = "[No Variations]"
Add component (AddParameter): Name = "Published"; Value = "24-Mar-1999"; VariantName = "[No Variations]"
Add component (AddParameter): Name = "Publisher"; Value = "Altium Limited"; VariantName = "[No Variations]"
Added Component: Designator=SW10(SW-4P-B)
Add component (AddParameter): Name = "LatestRevisionDate"; Value = "17-Jul-2002"; VariantName = "[No Variations]"
Add component (AddParameter): Name = "LatestRevisionNote"; Value = "Re-released for DXP Platform."; VariantName = "[No Variations]"
Add component (AddParameter): Name = "PackageReference"; Value = "SPST-2"; VariantName = "[No Variations]"
Add component (AddParameter): Name = "Published"; Value = "24-Mar-1999"; VariantName = "[No Variations]"
Add component (AddParameter): Name = "Publisher"; Value = "Altium Limited"; VariantName = "[No Variations]"
Added Component: Designator=SW11(SW-4P-B)
Add component (AddParameter): Name = "LatestRevisionDate"; Value = "17-Jul-2002"; VariantName = "[No Variations]"
Add component (AddParameter): Name = "LatestRevisionNote"; Value = "Re-released for DXP Platform."; VariantName = "[No Variations]"
Add component (AddParameter): Name = "PackageReference"; Value = "SPST-2"; VariantName = "[No Variations]"
Add component (AddParameter): Name = "Published"; Value = "24-Mar-1999"; VariantName = "[No Variations]"
Add component (AddParameter): Name = "Publisher"; Value = "Altium Limited"; VariantName = "[No Variations]"
Added Component: Designator=SW12(SW-4P-B)
Add component (AddParameter): Name = "LatestRevisionDate"; Value = "17-Jul-2002"; VariantName = "[No Variations]"
Add component (AddParameter): Name = "LatestRevisionNote"; Value = "Re-released for DXP Platform."; VariantName = "[No Variations]"
Add component (AddParameter): Name = "PackageReference"; Value = "SPST-2"; VariantName = "[No Variations]"
Add component (AddParameter): Name = "Published"; Value = "24-Mar-1999"; VariantName = "[No Variations]"
Add component (AddParameter): Name = "Publisher"; Value = "Altium Limited"; VariantName = "[No Variations]"
Added Component: Designator=SW13(SW-4P-B)
Add component (AddParameter): Name = "LatestRevisionDate"; Value = "17-Jul-2002"; VariantName = "[No Variations]"
Add component (AddParameter): Name = "LatestRevisionNote"; Value = "Re-released for DXP Platform."; VariantName = "[No Variations]"
Add component (AddParameter): Name = "PackageReference"; Value = "SPST-2"; VariantName = "[No Variations]"
Add component (AddParameter): Name = "Published"; Value = "24-Mar-1999"; VariantName = "[No Variations]"
Add component (AddParameter): Name = "Publisher"; Value = "Altium Limited"; VariantName = "[No Variations]"
Added Component: Designator=SW14(SW-4P-B)
Add component (AddParameter): Name = "LatestRevisionDate"; Value = "17-Jul-2002"; VariantName = "[No Variations]"
Add component (AddParameter): Name = "LatestRevisionNote"; Value = "Re-released for DXP Platform."; VariantName = "[No Variations]"
Add component (AddParameter): Name = "PackageReference"; Value = "SPST-2"; VariantName = "[No Variations]"
Add component (AddParameter): Name = "Published"; Value = "24-Mar-1999"; VariantName = "[No Variations]"
Add component (AddParameter): Name = "Publisher"; Value = "Altium Limited"; VariantName = "[No Variations]"
Added Component: Designator=SW15(SW-4P-B)
Add component (AddParameter): Name = "LatestRevisionDate"; Value = "17-Jul-2002"; VariantName = "[No Variations]"
Add component (AddParameter): Name = "LatestRevisionNote"; Value = "Re-released for DXP Platform."; VariantName = "[No Variations]"
Add component (AddParameter): Name = "PackageReference"; Value = "SPST-2"; VariantName = "[No Variations]"
Add component (AddParameter): Name = "Published"; Value = "24-Mar-1999"; VariantName = "[No Variations]"
Add component (AddParameter): Name = "Publisher"; Value = "Altium Limited"; VariantName = "[No Variations]"
Added Component: Designator=SW16(SW-4P-B)
Add component (AddParameter): Name = "LatestRevisionDate"; Value = "17-Jul-2002"; VariantName = "[No Variations]"
Add component (AddParameter): Name = "LatestRevisionNote"; Value = "Re-released for DXP Platform."; VariantName = "[No Variations]"
Add component (AddParameter): Name = "PackageReference"; Value = "SPST-2"; VariantName = "[No Variations]"
Add component (AddParameter): Name = "Published"; Value = "24-Mar-1999"; VariantName = "[No Variations]"
Add component (AddParameter): Name = "Publisher"; Value = "Altium Limited"; VariantName = "[No Variations]"
Added Pin To Net: NetName=NetR9_1 Pin=R9-1
Added Pin To Net: NetName=NetR9_2 Pin=R9-2
Added Pin To Net: NetName=NetR10_1 Pin=R10-1
Added Pin To Net: NetName=NetR11_1 Pin=R11-1
Added Pin To Net: NetName=NetR9_1 Pin=R13-2
Added Pin To Net: NetName=NetR10_1 Pin=R14-2
Added Pin To Net: NetName=NetR11_1 Pin=R15-2
Added Pin To Net: NetName=Button Pin=R20-1
Added Pin To Net: NetName=VCC Pin=R24-1
Added Pin To Net: NetName=Button Pin=R24-2
Added Pin To Net: NetName=NetR9_1 Pin=SW5-2
Added Pin To Net: NetName=NetR9_1 Pin=SW5-3
Added Pin To Net: NetName=GND Pin=SW6-1
Added Pin To Net: NetName=NetR10_1 Pin=SW6-2
Added Pin To Net: NetName=NetR10_1 Pin=SW6-3
Added Pin To Net: NetName=GND Pin=SW6-4
Added Pin To Net: NetName=GND Pin=SW7-1
Added Pin To Net: NetName=NetR11_1 Pin=SW7-2
Added Pin To Net: NetName=NetR11_1 Pin=SW7-3
Added Pin To Net: NetName=GND Pin=SW7-4
Added Pin To Net: NetName=GND Pin=SW8-1
Added Pin To Net: NetName=GND Pin=SW8-4
Added Pin To Net: NetName=GND Pin=SW9-1
Added Pin To Net: NetName=GND Pin=SW9-4
Added Pin To Net: NetName=GND Pin=SW10-1
Added Pin To Net: NetName=GND Pin=SW10-4
Added Pin To Net: NetName=GND Pin=SW11-1
Added Pin To Net: NetName=GND Pin=SW11-4
Added Pin To Net: NetName=GND Pin=SW12-1
Added Pin To Net: NetName=GND Pin=SW12-4
Added Pin To Net: NetName=GND Pin=SW13-1
Added Pin To Net: NetName=GND Pin=SW13-4
Added Pin To Net: NetName=GND Pin=SW14-1
Added Pin To Net: NetName=GND Pin=SW14-4
Added Pin To Net: NetName=GND Pin=SW15-1
Added Pin To Net: NetName=GND Pin=SW15-4
Added Pin To Net: NetName=GND Pin=SW16-1
Added Pin To Net: NetName=Button Pin=SW16-2
Added Pin To Net: NetName=Button Pin=SW16-3
Added Pin To Net: NetName=GND Pin=SW16-4
Added Pin To Net: NetName=NetR10_2 Pin=R10-2
Added Pin To Net: NetName=NetR10_2 Pin=R21-2
Added Pin To Net: NetName=NetR10_2 Pin=SW2-2
Added Pin To Net: NetName=NetR10_2 Pin=SW2-3
Added Net: Name=NetR10_2
Added Pin To Net: NetName=NetR11_2 Pin=R11-2
Added Pin To Net: NetName=NetR11_2 Pin=R22-2
Added Pin To Net: NetName=NetR11_2 Pin=SW3-2
Added Pin To Net: NetName=NetR11_2 Pin=SW3-3
Added Net: Name=NetR11_2
Added Pin To Net: NetName=NetR12_1 Pin=R12-1
Added Pin To Net: NetName=NetR12_1 Pin=R16-2
Added Pin To Net: NetName=NetR12_1 Pin=SW8-2
Added Pin To Net: NetName=NetR12_1 Pin=SW8-3
Added Net: Name=NetR12_1
Added Pin To Net: NetName=NetR12_2 Pin=R12-2
Added Pin To Net: NetName=NetR12_2 Pin=R23-2
Added Pin To Net: NetName=NetR12_2 Pin=SW4-2
Added Pin To Net: NetName=NetR12_2 Pin=SW4-3
Added Net: Name=NetR12_2
Added Pin To Net: NetName=NetR13_1 Pin=R13-1
Added Pin To Net: NetName=NetR13_1 Pin=R17-2
Added Pin To Net: NetName=NetR13_1 Pin=SW9-2
Added Pin To Net: NetName=NetR13_1 Pin=SW9-3
Added Net: Name=NetR13_1
Added Pin To Net: NetName=NetR14_1 Pin=R14-1
Added Pin To Net: NetName=NetR14_1 Pin=R18-2
Added Pin To Net: NetName=NetR14_1 Pin=SW10-2
Added Pin To Net: NetName=NetR14_1 Pin=SW10-3
Added Net: Name=NetR14_1
Added Pin To Net: NetName=NetR15_1 Pin=R15-1
Added Pin To Net: NetName=NetR15_1 Pin=R19-2
Added Pin To Net: NetName=NetR15_1 Pin=SW11-2
Added Pin To Net: NetName=NetR15_1 Pin=SW11-3
Added Net: Name=NetR15_1
Added Pin To Net: NetName=NetR16_1 Pin=R16-1
Added Pin To Net: NetName=NetR16_1 Pin=R20-2
Added Pin To Net: NetName=NetR16_1 Pin=SW12-2
Added Pin To Net: NetName=NetR16_1 Pin=SW12-3
Added Net: Name=NetR16_1
Added Pin To Net: NetName=NetR17_1 Pin=R17-1
Added Pin To Net: NetName=NetR17_1 Pin=R21-1
Added Pin To Net: NetName=NetR17_1 Pin=SW13-2
Added Pin To Net: NetName=NetR17_1 Pin=SW13-3
Added Net: Name=NetR17_1
Added Pin To Net: NetName=NetR18_1 Pin=R18-1
Added Pin To Net: NetName=NetR18_1 Pin=R22-1
Added Pin To Net: NetName=NetR18_1 Pin=SW14-2
Added Pin To Net: NetName=NetR18_1 Pin=SW14-3
Added Net: Name=NetR18_1
Added Pin To Net: NetName=NetR19_1 Pin=R19-1
Added Pin To Net: NetName=NetR19_1 Pin=R23-1
Added Pin To Net: NetName=NetR19_1 Pin=SW15-2
Added Pin To Net: NetName=NetR19_1 Pin=SW15-3
Added Net: Name=NetR19_1
Added Member To Class: ClassName=Sheet3 Member=Component R9 1k
Added Member To Class: ClassName=Sheet3 Member=Component R10 1k
Added Member To Class: ClassName=Sheet3 Member=Component R11 1k
Added Member To Class: ClassName=Sheet3 Member=Component R12 1k
Added Member To Class: ClassName=Sheet3 Member=Component R13 1k
Added Member To Class: ClassName=Sheet3 Member=Component R14 1k
Added Member To Class: ClassName=Sheet3 Member=Component R15 1k
Added Member To Class: ClassName=Sheet3 Member=Component R16 1k
Added Member To Class: ClassName=Sheet3 Member=Component R17 1k
Added Member To Class: ClassName=Sheet3 Member=Component R18 1k
Added Member To Class: ClassName=Sheet3 Member=Component R19 1k
Added Member To Class: ClassName=Sheet3 Member=Component R20 1k
Added Member To Class: ClassName=Sheet3 Member=Component R21 1k
Added Member To Class: ClassName=Sheet3 Member=Component R22 1k
Added Member To Class: ClassName=Sheet3 Member=Component R23 1k
Added Member To Class: ClassName=Sheet3 Member=Component R24 1k
Added Member To Class: ClassName=Sheet3 Member=Component SW6 SW-4P-B
Added Member To Class: ClassName=Sheet3 Member=Component SW7 SW-4P-B
Added Member To Class: ClassName=Sheet3 Member=Component SW8 SW-4P-B
Added Member To Class: ClassName=Sheet3 Member=Component SW9 SW-4P-B
Added Member To Class: ClassName=Sheet3 Member=Component SW10 SW-4P-B
Added Member To Class: ClassName=Sheet3 Member=Component SW11 SW-4P-B
Added Member To Class: ClassName=Sheet3 Member=Component SW12 SW-4P-B
Added Member To Class: ClassName=Sheet3 Member=Component SW13 SW-4P-B
Added Member To Class: ClassName=Sheet3 Member=Component SW14 SW-4P-B
Added Member To Class: ClassName=Sheet3 Member=Component SW15 SW-4P-B
Added Member To Class: ClassName=Sheet3 Member=Component SW16 SW-4P-B
Added Member To Class: ClassName=Sheet3 Member=Component T1 10K
