Removed Pin From Net: NetName=VCC Pin=R1-1
Removed Pin From Net: NetName=RX_1 Pin=R1-2
Removed Pin From Net: NetName=VCC Pin=R5-1
Removed Pin From Net: NetName=MAX485_1 Pin=R5-2
Removed Pin From Net: NetName=VCC Pin=R10-1
Removed Pin From Net: NetName=MAX485_1 Pin=R10-2
Removed Pin From Net: NetName=VCC Pin=R16-1
Removed Pin From Net: NetName=TX_1 Pin=R16-2
Removed Pin From Net: NetName=VCC Pin=R17-1
Removed Pin From Net: NetName=RX_2 Pin=R17-2
Removed Pin From Net: NetName=VCC Pin=R19-1
Removed Pin From Net: NetName=MAX485_2 Pin=R19-2
Removed Pin From Net: NetName=VCC Pin=R21-1
Removed Pin From Net: NetName=MAX485_2 Pin=R21-2
Removed Pin From Net: NetName=VCC Pin=R24-1
Removed Pin From Net: NetName=TX_2 Pin=R24-2
Removed Member From Class: ClassName=Sheet4 Member=R1
Removed Member From Class: ClassName=Sheet4 Member=R5
Removed Member From Class: ClassName=Sheet4 Member=R10
Removed Member From Class: ClassName=Sheet4 Member=R16
Removed Member From Class: ClassName=Sheet4 Member=R17
Removed Member From Class: ClassName=Sheet4 Member=R19
Removed Member From Class: ClassName=Sheet4 Member=R21
Removed Member From Class: ClassName=Sheet4 Member=R24
Added Component: Designator=RN1(RN4)
Add component (AddParameter): Name = "Value"; Value = "Tro thanh 4K7"; VariantName = "[No Variations]"
Added Component: Designator=RN2(RN4)
Add component (AddParameter): Name = "Value"; Value = "Tro thanh 4K7"; VariantName = "[No Variations]"
Added Pin To Net: NetName=VCC Pin=RN1-1
Added Pin To Net: NetName=TX_1 Pin=RN1-2
Added Pin To Net: NetName=MAX485_1 Pin=RN1-3
Added Pin To Net: NetName=MAX485_1 Pin=RN1-4
Added Pin To Net: NetName=RX_1 Pin=RN1-5
Added Pin To Net: NetName=VCC Pin=RN2-1
Added Pin To Net: NetName=TX_2 Pin=RN2-2
Added Pin To Net: NetName=MAX485_2 Pin=RN2-3
Added Pin To Net: NetName=MAX485_2 Pin=RN2-4
Added Pin To Net: NetName=RX_2 Pin=RN2-5
Added Member To Class: ClassName=Sheet4 Member=Component RN1 4K7
Added Member To Class: ClassName=Sheet4 Member=Component RN2 4K7
