Removed Pin From Net: NetName=1 Pin=JP1-1
Removed Pin From Net: NetName=2 Pin=JP1-2
Removed Pin From Net: NetName=3 Pin=JP1-3
Removed Pin From Net: NetName=19 Pin=JP1-4
Removed Pin From Net: NetName=4 Pin=JP1-5
Removed Pin From Net: NetName=DATA Pin=JP1-6
Removed Pin From Net: NetName=CLK_LED Pin=JP1-7
Removed Pin From Net: NetName=5 Pin=JP1-9
Removed Pin From Net: NetName=6 Pin=JP1-13
Removed Pin From Net: NetName=20 Pin=JP1-16
Removed Pin From Net: NetName=IN_1 Pin=JP1-17
Removed Pin From Net: NetName=IN_2 Pin=JP1-18
Removed Pin From Net: NetName=IN_3 Pin=JP1-19
Removed Pin From Net: NetName=7 Pin=JP1-20
Removed Pin From Net: NetName=18 Pin=JP1-21
Removed Pin From Net: NetName=17 Pin=JP1-22
Removed Pin From Net: NetName=16 Pin=JP1-23
Removed Pin From Net: NetName=15 Pin=JP1-24
Removed Pin From Net: NetName=14 Pin=JP1-25
Removed Pin From Net: NetName=13 Pin=JP1-26
Removed Pin From Net: NetName=CLK_LCD Pin=JP1-27
Removed Pin From Net: NetName=EN Pin=JP1-28
Removed Pin From Net: NetName=RL_2 Pin=JP1-29
Removed Pin From Net: NetName=RL_1 Pin=JP1-30
Removed Pin From Net: NetName=12 Pin=JP1-31
Removed Pin From Net: NetName=RL_4 Pin=JP1-32
Removed Pin From Net: NetName=RL_3 Pin=JP1-33
Removed Pin From Net: NetName=11 Pin=JP1-34
Removed Pin From Net: NetName=IN_4 Pin=JP1-35
Removed Pin From Net: NetName=10 Pin=JP1-36
Removed Pin From Net: NetName=9 Pin=JP1-37
Removed Pin From Net: NetName=GND Pin=JP1-38
Removed Pin From Net: NetName=VCC Pin=JP1-39
Removed Pin From Net: NetName=8 Pin=JP1-40
Removed Pin From Net: NetName=1 Pin=JP2-1
Removed Pin From Net: NetName=2 Pin=JP2-2
Removed Pin From Net: NetName=3 Pin=JP2-3
Removed Pin From Net: NetName=19 Pin=JP2-4
Removed Pin From Net: NetName=4 Pin=JP2-5
Removed Pin From Net: NetName=DATA Pin=JP2-6
Removed Pin From Net: NetName=CLK_LED Pin=JP2-7
Removed Pin From Net: NetName=5 Pin=JP2-9
Removed Pin From Net: NetName=6 Pin=JP2-13
Removed Pin From Net: NetName=20 Pin=JP2-16
Removed Pin From Net: NetName=IN_1 Pin=JP2-17
Removed Pin From Net: NetName=IN_2 Pin=JP2-18
Removed Pin From Net: NetName=IN_3 Pin=JP2-19
Removed Pin From Net: NetName=7 Pin=JP2-20
Removed Pin From Net: NetName=18 Pin=JP2-21
Removed Pin From Net: NetName=17 Pin=JP2-22
Removed Pin From Net: NetName=16 Pin=JP2-23
Removed Pin From Net: NetName=15 Pin=JP2-24
Removed Pin From Net: NetName=14 Pin=JP2-25
Removed Pin From Net: NetName=13 Pin=JP2-26
Removed Pin From Net: NetName=CLK_LCD Pin=JP2-27
Removed Pin From Net: NetName=EN Pin=JP2-28
Removed Pin From Net: NetName=RL_2 Pin=JP2-29
Removed Pin From Net: NetName=RL_1 Pin=JP2-30
Removed Pin From Net: NetName=12 Pin=JP2-31
Removed Pin From Net: NetName=RL_4 Pin=JP2-32
Removed Pin From Net: NetName=RL_3 Pin=JP2-33
Removed Pin From Net: NetName=11 Pin=JP2-34
Removed Pin From Net: NetName=IN_4 Pin=JP2-35
Removed Pin From Net: NetName=10 Pin=JP2-36
Removed Pin From Net: NetName=9 Pin=JP2-37
Removed Pin From Net: NetName=GND Pin=JP2-38
Removed Pin From Net: NetName=VCC Pin=JP2-39
Removed Pin From Net: NetName=8 Pin=JP2-40
Removed Pin From Net: NetName=GND Pin=KF1-2
Removed Pin From Net: NetName=GND Pin=KF2-2
Removed Pin From Net: NetName=GND Pin=KF3-2
Removed Pin From Net: NetName=GND Pin=KF4-2
Removed Pin From Net: NetName=GND Pin=OPTO1-3
Removed Pin From Net: NetName=IN_1 Pin=OPTO1-4
Removed Pin From Net: NetName=GND Pin=OPTO4-3
Removed Pin From Net: NetName=IN_2 Pin=OPTO4-4
Removed Pin From Net: NetName=GND Pin=OPTO6-3
Removed Pin From Net: NetName=IN_3 Pin=OPTO6-4
Removed Pin From Net: NetName=GND Pin=OPTO8-3
Removed Pin From Net: NetName=IN_4 Pin=OPTO8-4
Removed Pin From Net: NetName=VCC Pin=P1-1
Removed Pin From Net: NetName=GND Pin=P1-2
Removed Pin From Net: NetName=EN Pin=P1-4
Removed Pin From Net: NetName=CLK_LED Pin=P1-5
Removed Pin From Net: NetName=CLK_LCD Pin=P1-6
Removed Pin From Net: NetName=DATA Pin=P1-7
Removed Pin From Net: NetName=IN_1 Pin=R1-1
Removed Pin From Net: NetName=VCC Pin=R1-2
Removed Pin From Net: NetName=GND Pin=R4-1
Removed Pin From Net: NetName=IN_2 Pin=R5-1
Removed Pin From Net: NetName=VCC Pin=R5-2
Removed Pin From Net: NetName=GND Pin=R8-1
Removed Pin From Net: NetName=IN_3 Pin=R10-1
Removed Pin From Net: NetName=VCC Pin=R10-2
Removed Pin From Net: NetName=GND Pin=R12-1
Removed Pin From Net: NetName=IN_4 Pin=R15-1
Removed Pin From Net: NetName=VCC Pin=R15-2
Removed Pin From Net: NetName=GND Pin=R16-1
Removed Member From Class: ClassName=Sheet4 Member=OPTO1
Removed Member From Class: ClassName=Sheet4 Member=OPTO4
Removed Member From Class: ClassName=Sheet4 Member=OPTO6
Removed Member From Class: ClassName=Sheet4 Member=OPTO8
Removed Member From Class: ClassName=Sheet4 Member=P1
Removed Member From Class: ClassName=Sheet4 Member=R1
Removed Member From Class: ClassName=Sheet4 Member=R4
Removed Member From Class: ClassName=Sheet4 Member=R5
Removed Member From Class: ClassName=Sheet4 Member=R8
Removed Member From Class: ClassName=Sheet4 Member=R10
Removed Member From Class: ClassName=Sheet4 Member=R12
Removed Member From Class: ClassName=Sheet4 Member=R15
Removed Member From Class: ClassName=Sheet4 Member=R16
Change Component Footprint: Designator=JP1 Old Footprint=JP 2x20 CT New Footprint=jam2
Change Component Footprint: Designator=JP2 Old Footprint=JP 2x20 CT New Footprint=jam2
Change Component Comment : Designator=KF1 Old Comment=CON 2 KF301 New Comment=CON 2
Change Component Comment : Designator=KF2 Old Comment=CON 2 KF301 New Comment=CON 2
Change Component Comment : Designator=KF3 Old Comment=CON 2 KF301 New Comment=CON 2
Change Component Comment : Designator=KF4 Old Comment=CON 2 KF301 New Comment=CON 2
Change Component Comment : Designator=JP1 Old Comment=JP 2x20 2.54 New Comment=JP
Change Component Comment : Designator=JP2 Old Comment=JP 2x20 2.54 New Comment=JP
Change component parameters: Designator = "JP1" ("JP1"); Footprint = "JP 2x20 CT"; UniqueID = "\YARYRILT" ("\YARYRILT")
Change component parameters: Designator = "JP2" ("JP2"); Footprint = "JP 2x20 CT"; UniqueID = "\ZSGWZMCY" ("\ZSGWZMCY")
Added Component: Designator=ARD1(Arduino)
Added Component: Designator=C1(JP5-C1T)
Add component (AddParameter): Name = "ComponentLink1 Description"; Value = "Manufacturer"; VariantName = "[No Variations]"
Add component (AddParameter): Name = "ComponentLink1URL"; Value = "http://www.we-online.com"; VariantName = "[No Variations]"
Add component (AddParameter): Name = "ComponentLink2 Description"; Value = "Datasheet"; VariantName = "[No Variations]"
Add component (AddParameter): Name = "ComponentLink2URL"; Value = "http://katalog.we-online.de/em/datasheet/6130xx143121.pdf"; VariantName = "[No Variations]"
Add component (AddParameter): Name = "Created by"; Value = "Karrer Zheng"; VariantName = "[No Variations]"
Add component (AddParameter): Name = "Created Date"; Value = "29 March 2013"; VariantName = "[No Variations]"
Add component (AddParameter): Name = "Manufacturer"; Value = "W¨¹rth Elektronik eiSos GmbH"; VariantName = "[No Variations]"
Add component (AddParameter): Name = "NoPins"; Value = "05"; VariantName = "[No Variations]"
Add component (AddParameter): Name = "partNo"; Value = "613005143121"; VariantName = "[No Variations]"
Added Component: Designator=C2(JP6-C1T)
Add component (AddParameter): Name = "ComponentLink1 Description"; Value = "Manufacturer"; VariantName = "[No Variations]"
Add component (AddParameter): Name = "ComponentLink1URL"; Value = "http://www.we-online.com"; VariantName = "[No Variations]"
Add component (AddParameter): Name = "ComponentLink2 Description"; Value = "Datasheet"; VariantName = "[No Variations]"
Add component (AddParameter): Name = "ComponentLink2URL"; Value = "http://katalog.we-online.de/em/datasheet/6130xx143121.pdf"; VariantName = "[No Variations]"
Add component (AddParameter): Name = "Created by"; Value = "Karrer Zheng"; VariantName = "[No Variations]"
Add component (AddParameter): Name = "Created Date"; Value = "29 March 2013"; VariantName = "[No Variations]"
Add component (AddParameter): Name = "Manufacturer"; Value = "W¨¹rth Elektronik eiSos GmbH"; VariantName = "[No Variations]"
Add component (AddParameter): Name = "NoPins"; Value = "06"; VariantName = "[No Variations]"
Add component (AddParameter): Name = "partNo"; Value = "613006143121"; VariantName = "[No Variations]"
Added Component: Designator=C3(JP10-C2T)
Add component (AddParameter): Name = "ComponentLink1 Description"; Value = "Manufacturer"; VariantName = "[No Variations]"
Add component (AddParameter): Name = "ComponentLink1URL"; Value = "http://www.we-online.com"; VariantName = "[No Variations]"
Add component (AddParameter): Name = "ComponentLink2 Description"; Value = "Datasheet"; VariantName = "[No Variations]"
Add component (AddParameter): Name = "ComponentLink2URL"; Value = "http://katalog.we-online.de/em/datasheet/6130xx21821.pdf"; VariantName = "[No Variations]"
Add component (AddParameter): Name = "Created by"; Value = "Karrer Zheng"; VariantName = "[No Variations]"
Add component (AddParameter): Name = "Created Date"; Value = "29 March 2013"; VariantName = "[No Variations]"
Add component (AddParameter): Name = "Manufacturer"; Value = "W¨¹rth Elektronik eiSos GmbH"; VariantName = "[No Variations]"
Add component (AddParameter): Name = "NoPins"; Value = "20"; VariantName = "[No Variations]"
Add component (AddParameter): Name = "partNo"; Value = "61302021821"; VariantName = "[No Variations]"
Added Component: Designator=D5(DIODE 1A)
Add component (AddParameter): Name = "Chung_Loai"; Value = "C?m"; VariantName = "[No Variations]"
Add component (AddParameter): Name = "Don_Vi"; Value = "Con"; VariantName = "[No Variations]"
Add component (AddParameter): Name = "Ghi Chu"; Value = ""; VariantName = "[No Variations]"
Add component (AddParameter): Name = "Kieu_Chan"; Value = ""; VariantName = "[No Variations]"
Add component (AddParameter): Name = "Ma_Hang"; Value = "MH001063"; VariantName = "[No Variations]"
Add component (AddParameter): Name = "Ten_Linh_Kien"; Value = "Diode 1N4007 1A (DIP)"; VariantName = "[No Variations]"
Added Component: Designator=J5(KF3-5.08)
Add component (AddParameter): Name = "ComponentLink1 Description"; Value = "Manufacturer"; VariantName = "[No Variations]"
Add component (AddParameter): Name = "ComponentLink1URL"; Value = "http://www.we-online.com"; VariantName = "[No Variations]"
Add component (AddParameter): Name = "ComponentLink2 Description"; Value = "Datasheet"; VariantName = "[No Variations]"
Add component (AddParameter): Name = "ComponentLink2URL"; Value = "http://katalog.we-online.de/em/datasheet/6911031100xx.pdf"; VariantName = "[No Variations]"
Add component (AddParameter): Name = "Created by"; Value = "Karrer Zheng"; VariantName = "[No Variations]"
Add component (AddParameter): Name = "Created Date"; Value = "29 October 2013"; VariantName = "[No Variations]"
Add component (AddParameter): Name = "Manufacturer"; Value = "Würth Elektronik eiSos GmbH"; VariantName = "[No Variations]"
Add component (AddParameter): Name = "NoPins"; Value = "3"; VariantName = "[No Variations]"
Add component (AddParameter): Name = "partNo"; Value = "691103110003"; VariantName = "[No Variations]"
Added Component: Designator=JP3(jam2)
Added Component: Designator=JP4(jam2)
Added Pin To Net: NetName=IN_1 Pin=ARD1-2
Added Pin To Net: NetName=IN_2 Pin=ARD1-3
Added Pin To Net: NetName=IN_3 Pin=ARD1-4
Added Pin To Net: NetName=IN_4 Pin=ARD1-5
Added Pin To Net: NetName=RL_1 Pin=ARD1-6
Added Pin To Net: NetName=RL_2 Pin=ARD1-7
Added Pin To Net: NetName=RL_3 Pin=ARD1-8
Added Pin To Net: NetName=RL_4 Pin=ARD1-9
Added Pin To Net: NetName=DATA Pin=ARD1-10
Added Pin To Net: NetName=2 Pin=ARD1-18
Added Pin To Net: NetName=5 Pin=ARD1-19
Added Pin To Net: NetName=17 Pin=ARD1-22
Added Pin To Net: NetName=16 Pin=ARD1-23
Added Pin To Net: NetName=15 Pin=ARD1-24
Added Pin To Net: NetName=14 Pin=ARD1-25
Added Pin To Net: NetName=13 Pin=ARD1-26
Added Pin To Net: NetName=12 Pin=ARD1-27
Added Pin To Net: NetName=11 Pin=ARD1-28
Added Pin To Net: NetName=10 Pin=ARD1-29
Added Pin To Net: NetName=9 Pin=ARD1-50
Added Pin To Net: NetName=8 Pin=ARD1-51
Added Pin To Net: NetName=4 Pin=ARD1-52
Added Pin To Net: NetName=3 Pin=ARD1-53
Added Pin To Net: NetName=VCC Pin=ARD1-56
Added Pin To Net: NetName=GND Pin=ARD1-57
Added Pin To Net: NetName=GND Pin=ARD1-58
Added Pin To Net: NetName=1 Pin=ARD1-59
Added Pin To Net: NetName=6 Pin=ARD1-60
Added Pin To Net: NetName=EN Pin=ARD1-61
Added Pin To Net: NetName=CLK_LCD Pin=ARD1-62
Added Pin To Net: NetName=20 Pin=ARD1-63
Added Pin To Net: NetName=19 Pin=ARD1-64
Added Pin To Net: NetName=18 Pin=ARD1-65
Added Pin To Net: NetName=CLK_LED Pin=ARD1-67
Added Pin To Net: NetName=7 Pin=C1-1
Added Pin To Net: NetName=2 Pin=C1-3
Added Pin To Net: NetName=5 Pin=C1-4
Added Pin To Net: NetName=GND Pin=C1-5
Added Pin To Net: NetName=3 Pin=C2-1
Added Pin To Net: NetName=4 Pin=C2-2
Added Pin To Net: NetName=8 Pin=C2-3
Added Pin To Net: NetName=9 Pin=C2-4
Added Pin To Net: NetName=VCC Pin=C2-5
Added Pin To Net: NetName=GND Pin=C2-6
Added Pin To Net: NetName=VCC Pin=C3-1
Added Pin To Net: NetName=GND Pin=C3-2
Added Pin To Net: NetName=17 Pin=C3-3
Added Pin To Net: NetName=16 Pin=C3-4
Added Pin To Net: NetName=15 Pin=C3-5
Added Pin To Net: NetName=14 Pin=C3-6
Added Pin To Net: NetName=13 Pin=C3-7
Added Pin To Net: NetName=12 Pin=C3-8
Added Pin To Net: NetName=11 Pin=C3-9
Added Pin To Net: NetName=10 Pin=C3-10
Added Pin To Net: NetName=CLK_LED Pin=C3-13
Added Pin To Net: NetName=DATA Pin=C3-14
Added Pin To Net: NetName=18 Pin=C3-15
Added Pin To Net: NetName=19 Pin=C3-16
Added Pin To Net: NetName=20 Pin=C3-17
Added Pin To Net: NetName=CLK_LCD Pin=C3-18
Added Pin To Net: NetName=EN Pin=C3-19
Added Pin To Net: NetName=6 Pin=C3-20
Added Pin To Net: NetName=VCC Pin=D5-1
Added Pin To Net: NetName=7 Pin=D5-2
Added Pin To Net: NetName=VCC Pin=J5-1
Added Pin To Net: NetName=GND Pin=J5-2
Added Pin To Net: NetName=1 Pin=J5-3
Added Pin To Net: NetName=IN_1 Pin=JP1-1
Added Pin To Net: NetName=GND Pin=JP1-2
Added Pin To Net: NetName=IN_2 Pin=JP2-1
Added Pin To Net: NetName=GND Pin=JP2-2
Added Pin To Net: NetName=IN_3 Pin=JP3-1
Added Pin To Net: NetName=GND Pin=JP3-2
Added Pin To Net: NetName=IN_4 Pin=JP4-1
Added Pin To Net: NetName=GND Pin=JP4-2
Added Pin To Net: NetName=GND Pin=KF1-1
Added Pin To Net: NetName=IN_1 Pin=KF1-2
Added Pin To Net: NetName=GND Pin=KF2-1
Added Pin To Net: NetName=IN_2 Pin=KF2-2
Added Pin To Net: NetName=GND Pin=KF3-1
Added Pin To Net: NetName=IN_3 Pin=KF3-2
Added Pin To Net: NetName=GND Pin=KF4-1
Added Pin To Net: NetName=IN_4 Pin=KF4-2
Change Net Name : Old Net Name=1 New Net Name=V_Out
Change Net Name : Old Net Name=2 New Net Name=TX
Change Net Name : Old Net Name=3 New Net Name=SS
Change Net Name : Old Net Name=4 New Net Name=SCK
Change Net Name : Old Net Name=5 New Net Name=RX
Change Net Name : Old Net Name=6 New Net Name=RST_LCD
Change Net Name : Old Net Name=7 New Net Name=NetC1_1
Change Net Name : Old Net Name=8 New Net Name=MOSI
Change Net Name : Old Net Name=9 New Net Name=MISO
Change Net Name : Old Net Name=10 New Net Name=Led_8
Change Net Name : Old Net Name=11 New Net Name=Led_7
Change Net Name : Old Net Name=12 New Net Name=Led_6
Change Net Name : Old Net Name=13 New Net Name=Led_5
Change Net Name : Old Net Name=14 New Net Name=Led_4
Change Net Name : Old Net Name=15 New Net Name=Led_3
Change Net Name : Old Net Name=16 New Net Name=Led_2
Change Net Name : Old Net Name=17 New Net Name=Led_1
Change Net Name : Old Net Name=18 New Net Name=D7
Change Net Name : Old Net Name=19 New Net Name=D6
Change Net Name : Old Net Name=20 New Net Name=D5
Change Net Name : Old Net Name=CLK_LCD New Net Name=D4
Change Net Name : Old Net Name=CLK_LED New Net Name=Button
Change Net Name : Old Net Name=DATA New Net Name=BL
Added Member To Class: ClassName=Sheet4 Member=Component ARD1 Arduino
Added Member To Class: ClassName=Sheet4 Member=Component C1 SIM
Added Member To Class: ClassName=Sheet4 Member=Component C2 SD
Added Member To Class: ClassName=Sheet4 Member=Component C3 JP10x2
Added Member To Class: ClassName=Sheet4 Member=Component D5 100v
Added Member To Class: ClassName=Sheet4 Member=Component J5 KF3
Added Member To Class: ClassName=Sheet4 Member=Component JP3 JP
Added Member To Class: ClassName=Sheet4 Member=Component JP4 JP
