Change Component Designator: Old Designator=D? New Designator=D1
Change Component Designator: Old Designator=D? New Designator=D2
Change Component Designator: Old Designator=D? New Designator=D3
Change Component Designator: Old Designator=D? New Designator=D4
Change Component Designator: Old Designator=J? New Designator=J1
Change Component Designator: Old Designator=J? New Designator=J2
Change Component Designator: Old Designator=J? New Designator=J3
Change Component Designator: Old Designator=J? New Designator=J4
Change Component Designator: Old Designator=JP? New Designator=JP1
Change Component Designator: Old Designator=JP? New Designator=JP2
Change Component Designator: Old Designator=KF? New Designator=KF1
Change Component Designator: Old Designator=KF? New Designator=KF2
Change Component Designator: Old Designator=KF? New Designator=KF3
Change Component Designator: Old Designator=KF? New Designator=KF4
Change Component Designator: Old Designator=OPTO? New Designator=OPTO1
Change Component Designator: Old Designator=OPTO? New Designator=OPTO2
Change Component Designator: Old Designator=OPTO? New Designator=OPTO3
Change Component Designator: Old Designator=OPTO? New Designator=OPTO4
Change Component Designator: Old Designator=OPTO? New Designator=OPTO5
Change Component Designator: Old Designator=OPTO? New Designator=OPTO6
Change Component Designator: Old Designator=OPTO? New Designator=OPTO7
Change Component Designator: Old Designator=OPTO? New Designator=OPTO8
Change Component Designator: Old Designator=P? New Designator=P1
Change Component Designator: Old Designator=Q? New Designator=Q1
Change Component Designator: Old Designator=Q? New Designator=Q2
Change Component Designator: Old Designator=Q? New Designator=Q3
Change Component Designator: Old Designator=Q? New Designator=Q4
Change Component Designator: Old Designator=R? New Designator=R1
Change Component Designator: Old Designator=R? New Designator=R2
Change Component Designator: Old Designator=R? New Designator=R3
Change Component Designator: Old Designator=R? New Designator=R4
Change Component Designator: Old Designator=R? New Designator=R5
Change Component Designator: Old Designator=R? New Designator=R6
Change Component Designator: Old Designator=R? New Designator=R7
Change Component Designator: Old Designator=R? New Designator=R8
Change Component Designator: Old Designator=R? New Designator=R9
Change Component Designator: Old Designator=R? New Designator=R10
Change Component Designator: Old Designator=R? New Designator=R11
Change Component Designator: Old Designator=R? New Designator=R12
Change Component Designator: Old Designator=R? New Designator=R13
Change Component Designator: Old Designator=R? New Designator=R14
Change Component Designator: Old Designator=R? New Designator=R15
Change Component Designator: Old Designator=R? New Designator=R16
Change Component Designator: Old Designator=RL? New Designator=RL1
Change Component Designator: Old Designator=RL? New Designator=RL2
Change Component Designator: Old Designator=RL? New Designator=RL3
Change Component Designator: Old Designator=RL? New Designator=RL4
